<?xml version="1.0" encoding="UTF-8"?>
<testsuite xmlns:xsi="http://www.w3.org/2001/XMLSchema-instance" xsi:noNamespaceSchemaLocation="https://maven.apache.org/surefire/maven-surefire-plugin/xsd/surefire-test-report-3.0.xsd" version="3.0" name="tn.esprit.challenge.scheduler.WeeklyChallengeSchedulerTest$CreateWeeklyChallenge" time="0.545" tests="10" errors="0" skipped="0" failures="0">
  <properties>
[...]
</properties>
  <testcase name="shouldHave15MinuteTimeLimit" classname="tn.esprit.challenge.scheduler.WeeklyChallengeSchedulerTest$CreateWeeklyChallenge" time="0.475">
    <system-out><![CDATA[2026-04-16T07:35:24.120+01:00  INFO 23292 --- [challenge-service] [           main] t.e.c.s.WeeklyChallengeScheduler         : ? [WeeklyChallengeScheduler] Monday 08:00 — generating Challenge of the Week...
2026-04-16T07:35:24.124+01:00  INFO 23292 --- [challenge-service] [           main] t.e.c.s.WeeklyChallengeScheduler         : ? [WeeklyChallengeScheduler] Created 'Weekly Challenge — Vocabulary [A1] — 16/04/2026' (id=1) with 5 questions
]]></system-out>
  </testcase>
  <testcase name="shouldHandleRepositoryException" classname="tn.esprit.challenge.scheduler.WeeklyChallengeSchedulerTest$CreateWeeklyChallenge" time="0.015">
    <system-out><![CDATA[2026-04-16T07:35:24.194+01:00  INFO 23292 --- [challenge-service] [           main] t.e.c.s.WeeklyChallengeScheduler         : ? [WeeklyChallengeScheduler] Monday 08:00 — generating Challenge of the Week...
2026-04-16T07:35:24.195+01:00 ERROR 23292 --- [challenge-service] [           main] t.e.c.s.WeeklyChallengeScheduler         : ? [WeeklyChallengeScheduler] Failed to create weekly challenge: DB error

java.lang.RuntimeException: DB error
	at tn.esprit.challenge.scheduler.WeeklyChallengeScheduler.createWeeklyChallenge(WeeklyChallengeScheduler.java:54) ~[classes/:na]
	at tn.esprit.challenge.scheduler.WeeklyChallengeSchedulerTest$CreateWeeklyChallenge.lambda$shouldHandleRepositoryException$1(WeeklyChallengeSchedulerTest.java:160) ~[test-classes/:na]
	at org.assertj.core.api.ThrowableAssert.catchThrowable(ThrowableAssert.java:63) ~[assertj-core-3.24.2.jar:na]
	at org.assertj.core.api.AssertionsForClassTypes.catchThrowable(AssertionsForClassTypes.java:892) ~[assertj-core-3.24.2.jar:na]
	at org.assertj.core.api.AssertionsForClassTypes.assertThatCode(AssertionsForClassTypes.java:863) ~[assertj-core-3.24.2.jar:na]
	at org.assertj.core.api.Assertions.assertThatCode(Assertions.java:1287) ~[assertj-core-3.24.2.jar:na]
	at tn.esprit.challenge.scheduler.WeeklyChallengeSchedulerTest$CreateWeeklyChallenge.shouldHandleRepositoryException(WeeklyChallengeSchedulerTest.java:160) ~[test-classes/:na]
	at java.base/jdk.internal.reflect.NativeMethodAccessorImpl.invoke0(Native Method) ~[na:na]
	at java.base/jdk.internal.reflect.NativeMethodAccessorImpl.invoke(NativeMethodAccessorImpl.java:77) ~[na:na]
	at java.base/jdk.internal.reflect.DelegatingMethodAccessorImpl.invoke(DelegatingMethodAccessorImpl.java:43) ~[na:na]
	at java.base/java.lang.reflect.Method.invoke(Method.java:569) ~[na:na]
	at org.junit.platform.commons.util.ReflectionUtils.invokeMethod(ReflectionUtils.java:728) ~[junit-platform-commons-1.10.1.jar:1.10.1]
	at org.junit.jupiter.engine.execution.MethodInvocation.proceed(MethodInvocation.java:60) ~[junit-jupiter-engine-5.10.1.jar:5.10.1]
	at org.junit.jupiter.engine.execution.InvocationInterceptorChain$ValidatingInvocation.proceed(InvocationInterceptorChain.java:131) ~[junit-jupiter-engine-5.10.1.jar:5.10.1]
	at org.junit.jupiter.engine.extension.TimeoutExtension.intercept(TimeoutExtension.java:156) ~[junit-jupiter-engine-5.10.1.jar:5.10.1]
	at org.junit.jupiter.engine.extension.TimeoutExtension.interceptTestableMethod(TimeoutExtension.java:147) ~[junit-jupiter-engine-5.10.1.jar:5.10.1]
	at org.junit.jupiter.engine.extension.TimeoutExtension.interceptTestMethod(TimeoutExtension.java:86) ~[junit-jupiter-engine-5.10.1.jar:5.10.1]
	at org.junit.jupiter.engine.execution.InterceptingExecutableInvoker$ReflectiveInterceptorCall.lambda$ofVoidMethod$0(InterceptingExecutableInvoker.java:103) ~[junit-jupiter-engine-5.10.1.jar:5.10.1]
	at org.junit.jupiter.engine.execution.InterceptingExecutableInvoker.lambda$invoke$0(InterceptingExecutableInvoker.java:93) ~[junit-jupiter-engine-5.10.1.jar:5.10.1]
	at org.junit.jupiter.engine.execution.InvocationInterceptorChain$InterceptedInvocation.proceed(InvocationInterceptorChain.java:106) ~[junit-jupiter-engine-5.10.1.jar:5.10.1]
	at org.junit.jupiter.engine.execution.InvocationInterceptorChain.proceed(InvocationInterceptorChain.java:64) ~[junit-jupiter-engine-5.10.1.jar:5.10.1]
	at org.junit.jupiter.engine.execution.InvocationInterceptorChain.chainAndInvoke(InvocationInterceptorChain.java:45) ~[junit-jupiter-engine-5.10.1.jar:5.10.1]
	at org.junit.jupiter.engine.execution.InvocationInterceptorChain.invoke(InvocationInterceptorChain.java:37) ~[junit-jupiter-engine-5.10.1.jar:5.10.1]
	at org.junit.jupiter.engine.execution.InterceptingExecutableInvoker.invoke(InterceptingExecutableInvoker.java:92) ~[junit-jupiter-engine-5.10.1.jar:5.10.1]
	at org.junit.jupiter.engine.execution.InterceptingExecutableInvoker.invoke(InterceptingExecutableInvoker.java:86) ~[junit-jupiter-engine-5.10.1.jar:5.10.1]
	at org.junit.jupiter.engine.descriptor.TestMethodTestDescriptor.lambda$invokeTestMethod$7(TestMethodTestDescriptor.java:218) ~[junit-jupiter-engine-5.10.1.jar:5.10.1]
	at org.junit.platform.engine.support.hierarchical.ThrowableCollector.execute(ThrowableCollector.java:73) ~[junit-platform-engine-1.10.1.jar:1.10.1]
	at org.junit.jupiter.engine.descriptor.TestMethodTestDescriptor.invokeTestMethod(TestMethodTestDescriptor.java:214) ~[junit-jupiter-engine-5.10.1.jar:5.10.1]
	at org.junit.jupiter.engine.descriptor.TestMethodTestDescriptor.execute(TestMethodTestDescriptor.java:139) ~[junit-jupiter-engine-5.10.1.jar:5.10.1]
	at org.junit.jupiter.engine.descriptor.TestMethodTestDescriptor.execute(TestMethodTestDescriptor.java:69) ~[junit-jupiter-engine-5.10.1.jar:5.10.1]
	at org.junit.platform.engine.support.hierarchical.NodeTestTask.lambda$executeRecursively$6(NodeTestTask.java:151) ~[junit-platform-engine-1.10.1.jar:1.10.1]
	at org.junit.platform.engine.support.hierarchical.ThrowableCollector.execute(ThrowableCollector.java:73) ~[junit-platform-engine-1.10.1.jar:1.10.1]
	at org.junit.platform.engine.support.hierarchical.NodeTestTask.lambda$executeRecursively$8(NodeTestTask.java:141) ~[junit-platform-engine-1.10.1.jar:1.10.1]
	at org.junit.platform.engine.support.hierarchical.Node.around(Node.java:137) ~[junit-platform-engine-1.10.1.jar:1.10.1]
	at org.junit.platform.engine.support.hierarchical.NodeTestTask.lambda$executeRecursively$9(NodeTestTask.java:139) ~[junit-platform-engine-1.10.1.jar:1.10.1]
	at org.junit.platform.engine.support.hierarchical.ThrowableCollector.execute(ThrowableCollector.java:73) ~[junit-platform-engine-1.10.1.jar:1.10.1]
	at org.junit.platform.engine.support.hierarchical.NodeTestTask.executeRecursively(NodeTestTask.java:138) ~[junit-platform-engine-1.10.1.jar:1.10.1]
	at org.junit.platform.engine.support.hierarchical.NodeTestTask.execute(NodeTestTask.java:95) ~[junit-platform-engine-1.10.1.jar:1.10.1]
	at java.base/java.util.ArrayList.forEach(ArrayList.java:1511) ~[na:na]
	at org.junit.platform.engine.support.hierarchical.SameThreadHierarchicalTestExecutorService.invokeAll(SameThreadHierarchicalTestExecutorService.java:41) ~[junit-platform-engine-1.10.1.jar:1.10.1]
	at org.junit.platform.engine.support.hierarchical.NodeTestTask.lambda$executeRecursively$6(NodeTestTask.java:155) ~[junit-platform-engine-1.10.1.jar:1.10.1]
	at org.junit.platform.engine.support.hierarchical.ThrowableCollector.execute(ThrowableCollector.java:73) ~[junit-platform-engine-1.10.1.jar:1.10.1]
	at org.junit.platform.engine.support.hierarchical.NodeTestTask.lambda$executeRecursively$8(NodeTestTask.java:141) ~[junit-platform-engine-1.10.1.jar:1.10.1]
	at org.junit.platform.engine.support.hierarchical.Node.around(Node.java:137) ~[junit-platform-engine-1.10.1.jar:1.10.1]
	at org.junit.platform.engine.support.hierarchical.NodeTestTask.lambda$executeRecursively$9(NodeTestTask.java:139) ~[junit-platform-engine-1.10.1.jar:1.10.1]
	at org.junit.platform.engine.support.hierarchical.ThrowableCollector.execute(ThrowableCollector.java:73) ~[junit-platform-engine-1.10.1.jar:1.10.1]
	at org.junit.platform.engine.support.hierarchical.NodeTestTask.executeRecursively(NodeTestTask.java:138) ~[junit-platform-engine-1.10.1.jar:1.10.1]
	at org.junit.platform.engine.support.hierarchical.NodeTestTask.execute(NodeTestTask.java:95) ~[junit-platform-engine-1.10.1.jar:1.10.1]
	at java.base/java.util.ArrayList.forEach(ArrayList.java:1511) ~[na:na]
	at org.junit.platform.engine.support.hierarchical.SameThreadHierarchicalTestExecutorService.invokeAll(SameThreadHierarchicalTestExecutorService.java:41) ~[junit-platform-engine-1.10.1.jar:1.10.1]
	at org.junit.platform.engine.support.hierarchical.NodeTestTask.lambda$executeRecursively$6(NodeTestTask.java:155) ~[junit-platform-engine-1.10.1.jar:1.10.1]
	at org.junit.platform.engine.support.hierarchical.ThrowableCollector.execute(ThrowableCollector.java:73) ~[junit-platform-engine-1.10.1.jar:1.10.1]
	at org.junit.platform.engine.support.hierarchical.NodeTestTask.lambda$executeRecursively$8(NodeTestTask.java:141) ~[junit-platform-engine-1.10.1.jar:1.10.1]
	at org.junit.platform.engine.support.hierarchical.Node.around(Node.java:137) ~[junit-platform-engine-1.10.1.jar:1.10.1]
	at org.junit.platform.engine.support.hierarchical.NodeTestTask.lambda$executeRecursively$9(NodeTestTask.java:139) ~[junit-platform-engine-1.10.1.jar:1.10.1]
	at org.junit.platform.engine.support.hierarchical.ThrowableCollector.execute(ThrowableCollector.java:73) ~[junit-platform-engine-1.10.1.jar:1.10.1]
	at org.junit.platform.engine.support.hierarchical.NodeTestTask.executeRecursively(NodeTestTask.java:138) ~[junit-platform-engine-1.10.1.jar:1.10.1]
	at org.junit.platform.engine.support.hierarchical.NodeTestTask.execute(NodeTestTask.java:95) ~[junit-platform-engine-1.10.1.jar:1.10.1]
	at java.base/java.util.ArrayList.forEach(ArrayList.java:1511) ~[na:na]
	at org.junit.platform.engine.support.hierarchical.SameThreadHierarchicalTestExecutorService.invokeAll(SameThreadHierarchicalTestExecutorService.java:41) ~[junit-platform-engine-1.10.1.jar:1.10.1]
	at org.junit.platform.engine.support.hierarchical.NodeTestTask.lambda$executeRecursively$6(NodeTestTask.java:155) ~[junit-platform-engine-1.10.1.jar:1.10.1]
	at org.junit.platform.engine.support.hierarchical.ThrowableCollector.execute(ThrowableCollector.java:73) ~[junit-platform-engine-1.10.1.jar:1.10.1]
	at org.junit.platform.engine.support.hierarchical.NodeTestTask.lambda$executeRecursively$8(NodeTestTask.java:141) ~[junit-platform-engine-1.10.1.jar:1.10.1]
	at org.junit.platform.engine.support.hierarchical.Node.around(Node.java:137) ~[junit-platform-engine-1.10.1.jar:1.10.1]
	at org.junit.platform.engine.support.hierarchical.NodeTestTask.lambda$executeRecursively$9(NodeTestTask.java:139) ~[junit-platform-engine-1.10.1.jar:1.10.1]
	at org.junit.platform.engine.support.hierarchical.ThrowableCollector.execute(ThrowableCollector.java:73) ~[junit-platform-engine-1.10.1.jar:1.10.1]
	at org.junit.platform.engine.support.hierarchical.NodeTestTask.executeRecursively(NodeTestTask.java:138) ~[junit-platform-engine-1.10.1.jar:1.10.1]
	at org.junit.platform.engine.support.hierarchical.NodeTestTask.execute(NodeTestTask.java:95) ~[junit-platform-engine-1.10.1.jar:1.10.1]
	at org.junit.platform.engine.support.hierarchical.SameThreadHierarchicalTestExecutorService.submit(SameThreadHierarchicalTestExecutorService.java:35) ~[junit-platform-engine-1.10.1.jar:1.10.1]
	at org.junit.platform.engine.support.hierarchical.HierarchicalTestExecutor.execute(HierarchicalTestExecutor.java:57) ~[junit-platform-engine-1.10.1.jar:1.10.1]
	at org.junit.platform.engine.support.hierarchical.HierarchicalTestEngine.execute(HierarchicalTestEngine.java:54) ~[junit-platform-engine-1.10.1.jar:1.10.1]
	at org.junit.platform.launcher.core.EngineExecutionOrchestrator.execute(EngineExecutionOrchestrator.java:198) ~[junit-platform-launcher-1.10.1.jar:1.10.1]
	at org.junit.platform.launcher.core.EngineExecutionOrchestrator.execute(EngineExecutionOrchestrator.java:169) ~[junit-platform-launcher-1.10.1.jar:1.10.1]
	at org.junit.platform.launcher.core.EngineExecutionOrchestrator.execute(EngineExecutionOrchestrator.java:93) ~[junit-platform-launcher-1.10.1.jar:1.10.1]
	at org.junit.platform.launcher.core.EngineExecutionOrchestrator.lambda$execute$0(EngineExecutionOrchestrator.java:58) ~[junit-platform-launcher-1.10.1.jar:1.10.1]
	at org.junit.platform.launcher.core.EngineExecutionOrchestrator.withInterceptedStreams(EngineExecutionOrchestrator.java:141) ~[junit-platform-launcher-1.10.1.jar:1.10.1]
	at org.junit.platform.launcher.core.EngineExecutionOrchestrator.execute(EngineExecutionOrchestrator.java:57) ~[junit-platform-launcher-1.10.1.jar:1.10.1]
	at org.junit.platform.launcher.core.DefaultLauncher.execute(DefaultLauncher.java:103) ~[junit-platform-launcher-1.10.1.jar:1.10.1]
	at org.junit.platform.launcher.core.DefaultLauncher.execute(DefaultLauncher.java:85) ~[junit-platform-launcher-1.10.1.jar:1.10.1]
	at org.junit.platform.launcher.core.DelegatingLauncher.execute(DelegatingLauncher.java:47) ~[junit-platform-launcher-1.10.1.jar:1.10.1]
	at org.apache.maven.surefire.junitplatform.LazyLauncher.execute(LazyLauncher.java:56) ~[surefire-junit-platform-3.2.5.jar:3.2.5]
	at org.apache.maven.surefire.junitplatform.JUnitPlatformProvider.execute(JUnitPlatformProvider.java:184) ~[surefire-junit-platform-3.2.5.jar:3.2.5]
	at org.apache.maven.surefire.junitplatform.JUnitPlatformProvider.invokeAllTests(JUnitPlatformProvider.java:148) ~[surefire-junit-platform-3.2.5.jar:3.2.5]
	at org.apache.maven.surefire.junitplatform.JUnitPlatformProvider.invoke(JUnitPlatformProvider.java:122) ~[surefire-junit-platform-3.2.5.jar:3.2.5]
	at org.apache.maven.surefire.booter.ForkedBooter.runSuitesInProcess(ForkedBooter.java:385) ~[surefire-booter-3.2.5.jar:3.2.5]
	at org.apache.maven.surefire.booter.ForkedBooter.execute(ForkedBooter.java:162) ~[surefire-booter-3.2.5.jar:3.2.5]
	at org.apache.maven.surefire.booter.ForkedBooter.run(ForkedBooter.java:507) ~[surefire-booter-3.2.5.jar:3.2.5]
	at org.apache.maven.surefire.booter.ForkedBooter.main(ForkedBooter.java:495) ~[surefire-booter-3.2.5.jar:3.2.5]

]]></system-out>
  </testcase>
  <testcase name="shouldBeCreatedBySystem" classname="tn.esprit.challenge.scheduler.WeeklyChallengeSchedulerTest$CreateWeeklyChallenge" time="0.005">
    <system-out><![CDATA[2026-04-16T07:35:24.209+01:00  INFO 23292 --- [challenge-service] [           main] t.e.c.s.WeeklyChallengeScheduler         : ? [WeeklyChallengeScheduler] Monday 08:00 — generating Challenge of the Week...
2026-04-16T07:35:24.210+01:00  INFO 23292 --- [challenge-service] [           main] t.e.c.s.WeeklyChallengeScheduler         : ? [WeeklyChallengeScheduler] Created 'Weekly Challenge — Vocabulary [A1] — 16/04/2026' (id=1) with 5 questions
]]></system-out>
  </testcase>
  <testcase name="shouldBePublic" classname="tn.esprit.challenge.scheduler.WeeklyChallengeSchedulerTest$CreateWeeklyChallenge" time="0.006">
    <system-out><![CDATA[2026-04-16T07:35:24.215+01:00  INFO 23292 --- [challenge-service] [           main] t.e.c.s.WeeklyChallengeScheduler         : ? [WeeklyChallengeScheduler] Monday 08:00 — generating Challenge of the Week...
2026-04-16T07:35:24.216+01:00  INFO 23292 --- [challenge-service] [           main] t.e.c.s.WeeklyChallengeScheduler         : ? [WeeklyChallengeScheduler] Created 'Weekly Challenge — Vocabulary [A1] — 16/04/2026' (id=1) with 5 questions
]]></system-out>
  </testcase>
  <testcase name="questionsShouldHave20Points" classname="tn.esprit.challenge.scheduler.WeeklyChallengeSchedulerTest$CreateWeeklyChallenge" time="0.004">
    <system-out><![CDATA[2026-04-16T07:35:24.222+01:00  INFO 23292 --- [challenge-service] [           main] t.e.c.s.WeeklyChallengeScheduler         : ? [WeeklyChallengeScheduler] Monday 08:00 — generating Challenge of the Week...
2026-04-16T07:35:24.222+01:00  INFO 23292 --- [challenge-service] [           main] t.e.c.s.WeeklyChallengeScheduler         : ? [WeeklyChallengeScheduler] Created 'Weekly Challenge — Vocabulary [A1] — 16/04/2026' (id=1) with 5 questions
]]></system-out>
  </testcase>
  <testcase name="shouldHaveWeeklyInTitle" classname="tn.esprit.challenge.scheduler.WeeklyChallengeSchedulerTest$CreateWeeklyChallenge" time="0.007">
    <system-out><![CDATA[2026-04-16T07:35:24.225+01:00  INFO 23292 --- [challenge-service] [           main] t.e.c.s.WeeklyChallengeScheduler         : ? [WeeklyChallengeScheduler] Monday 08:00 — generating Challenge of the Week...
2026-04-16T07:35:24.226+01:00  INFO 23292 --- [challenge-service] [           main] t.e.c.s.WeeklyChallengeScheduler         : ? [WeeklyChallengeScheduler] Created 'Weekly Challenge — Vocabulary [A1] — 16/04/2026' (id=1) with 5 questions
]]></system-out>
  </testcase>
  <testcase name="shouldSaveOneChallenge" classname="tn.esprit.challenge.scheduler.WeeklyChallengeSchedulerTest$CreateWeeklyChallenge" time="0.004">
    <system-out><![CDATA[2026-04-16T07:35:24.234+01:00  INFO 23292 --- [challenge-service] [           main] t.e.c.s.WeeklyChallengeScheduler         : ? [WeeklyChallengeScheduler] Monday 08:00 — generating Challenge of the Week...
2026-04-16T07:35:24.234+01:00  INFO 23292 --- [challenge-service] [           main] t.e.c.s.WeeklyChallengeScheduler         : ? [WeeklyChallengeScheduler] Created 'Weekly Challenge — Vocabulary [A1] — 16/04/2026' (id=1) with 5 questions
]]></system-out>
  </testcase>
  <testcase name="questionsShouldHaveSequentialOrderIndex" classname="tn.esprit.challenge.scheduler.WeeklyChallengeSchedulerTest$CreateWeeklyChallenge" time="0.004">
    <system-out><![CDATA[2026-04-16T07:35:24.238+01:00  INFO 23292 --- [challenge-service] [           main] t.e.c.s.WeeklyChallengeScheduler         : ? [WeeklyChallengeScheduler] Monday 08:00 — generating Challenge of the Week...
2026-04-16T07:35:24.239+01:00  INFO 23292 --- [challenge-service] [           main] t.e.c.s.WeeklyChallengeScheduler         : ? [WeeklyChallengeScheduler] Created 'Weekly Challenge — Vocabulary [A1] — 16/04/2026' (id=1) with 5 questions
]]></system-out>
  </testcase>
  <testcase name="shouldHaveWeeklyTag" classname="tn.esprit.challenge.scheduler.WeeklyChallengeSchedulerTest$CreateWeeklyChallenge" time="0.004">
    <system-out><![CDATA[2026-04-16T07:35:24.243+01:00  INFO 23292 --- [challenge-service] [           main] t.e.c.s.WeeklyChallengeScheduler         : ? [WeeklyChallengeScheduler] Monday 08:00 — generating Challenge of the Week...
2026-04-16T07:35:24.243+01:00  INFO 23292 --- [challenge-service] [           main] t.e.c.s.WeeklyChallengeScheduler         : ? [WeeklyChallengeScheduler] Created 'Weekly Challenge — Vocabulary [A1] — 16/04/2026' (id=1) with 5 questions
]]></system-out>
  </testcase>
  <testcase name="shouldSaveFiveQuestions" classname="tn.esprit.challenge.scheduler.WeeklyChallengeSchedulerTest$CreateWeeklyChallenge" time="0.011">
    <system-out><![CDATA[2026-04-16T07:35:24.247+01:00  INFO 23292 --- [challenge-service] [           main] t.e.c.s.WeeklyChallengeScheduler         : ? [WeeklyChallengeScheduler] Monday 08:00 — generating Challenge of the Week...
2026-04-16T07:35:24.247+01:00  INFO 23292 --- [challenge-service] [           main] t.e.c.s.WeeklyChallengeScheduler         : ? [WeeklyChallengeScheduler] Created 'Weekly Challenge — Vocabulary [A1] — 16/04/2026' (id=1) with 5 questions
]]></system-out>
  </testcase>
</testsuite>