<?xml version="1.0" encoding="UTF-8"?>
<testsuite xmlns:xsi="http://www.w3.org/2001/XMLSchema-instance" xsi:noNamespaceSchemaLocation="https://maven.apache.org/surefire/maven-surefire-plugin/xsd/surefire-test-report.xsd" version="3.0.2" name="com.example.demoApiGateway.DemoApiGatewayApplicationTests" time="5.522" tests="1" errors="0" skipped="0" failures="0">
  <properties>
[...]
</properties>
  <testcase name="contextLoads" classname="com.example.demoApiGateway.DemoApiGatewayApplicationTests" time="1.067">
    <system-out><![CDATA[18:27:15.214 [main] INFO org.springframework.test.context.support.AnnotationConfigContextLoaderUtils -- Could not detect default configuration classes for test class [com.example.demoApiGateway.DemoApiGatewayApplicationTests]: DemoApiGatewayApplicationTests does not declare any static, non-private, non-final, nested classes annotated with @Configuration.
18:27:15.430 [main] INFO org.springframework.boot.test.context.SpringBootTestContextBootstrapper -- Found @SpringBootConfiguration com.example.demoApiGateway.DemoApiGatewayApplication for test class com.example.demoApiGateway.DemoApiGatewayApplicationTests

  .   ____          _            __ _ _
 /\\ / ___'_ __ _ _(_)_ __  __ _ \ \ \ \
( ( )\___ | '_ | '_| | '_ \/ _` | \ \ \ \
 \\/  ___)| |_)| | | | | || (_| |  ) ) ) )
  '  |____| .__|_| |_|_| |_\__, | / / / /
 =========|_|==============|___/=/_/_/_/

 :: Spring Boot ::                (v3.4.2)

2026-02-18T18:27:16.413+01:00  INFO 24128 --- [demoApiGateway] [           main] c.e.d.DemoApiGatewayApplicationTests     : Starting DemoApiGatewayApplicationTests using Java 24 with PID 24128 (started by jasse in C:\Users\jasse\OneDrive\Desktop\all_in_one\demoApiGateway\demoApiGateway)
2026-02-18T18:27:16.415+01:00  INFO 24128 --- [demoApiGateway] [           main] c.e.d.DemoApiGatewayApplicationTests     : No active profile set, falling back to 1 default profile: "default"
2026-02-18T18:27:17.665+01:00  INFO 24128 --- [demoApiGateway] [           main] o.s.cloud.context.scope.GenericScope     : BeanFactory id=4c48da0d-99f4-3532-829b-3546cd59384b
2026-02-18T18:27:18.863+01:00  INFO 24128 --- [demoApiGateway] [           main] o.s.c.g.r.RouteDefinitionRouteLocator    : Loaded RoutePredicateFactory [After]
2026-02-18T18:27:18.864+01:00  INFO 24128 --- [demoApiGateway] [           main] o.s.c.g.r.RouteDefinitionRouteLocator    : Loaded RoutePredicateFactory [Before]
2026-02-18T18:27:18.864+01:00  INFO 24128 --- [demoApiGateway] [           main] o.s.c.g.r.RouteDefinitionRouteLocator    : Loaded RoutePredicateFactory [Between]
2026-02-18T18:27:18.864+01:00  INFO 24128 --- [demoApiGateway] [           main] o.s.c.g.r.RouteDefinitionRouteLocator    : Loaded RoutePredicateFactory [Cookie]
2026-02-18T18:27:18.864+01:00  INFO 24128 --- [demoApiGateway] [           main] o.s.c.g.r.RouteDefinitionRouteLocator    : Loaded RoutePredicateFactory [Header]
2026-02-18T18:27:18.864+01:00  INFO 24128 --- [demoApiGateway] [           main] o.s.c.g.r.RouteDefinitionRouteLocator    : Loaded RoutePredicateFactory [Host]
2026-02-18T18:27:18.864+01:00  INFO 24128 --- [demoApiGateway] [           main] o.s.c.g.r.RouteDefinitionRouteLocator    : Loaded RoutePredicateFactory [Method]
2026-02-18T18:27:18.864+01:00  INFO 24128 --- [demoApiGateway] [           main] o.s.c.g.r.RouteDefinitionRouteLocator    : Loaded RoutePredicateFactory [Path]
2026-02-18T18:27:18.864+01:00  INFO 24128 --- [demoApiGateway] [           main] o.s.c.g.r.RouteDefinitionRouteLocator    : Loaded RoutePredicateFactory [Query]
2026-02-18T18:27:18.864+01:00  INFO 24128 --- [demoApiGateway] [           main] o.s.c.g.r.RouteDefinitionRouteLocator    : Loaded RoutePredicateFactory [ReadBody]
2026-02-18T18:27:18.864+01:00  INFO 24128 --- [demoApiGateway] [           main] o.s.c.g.r.RouteDefinitionRouteLocator    : Loaded RoutePredicateFactory [RemoteAddr]
2026-02-18T18:27:18.864+01:00  INFO 24128 --- [demoApiGateway] [           main] o.s.c.g.r.RouteDefinitionRouteLocator    : Loaded RoutePredicateFactory [XForwardedRemoteAddr]
2026-02-18T18:27:18.864+01:00  INFO 24128 --- [demoApiGateway] [           main] o.s.c.g.r.RouteDefinitionRouteLocator    : Loaded RoutePredicateFactory [Weight]
2026-02-18T18:27:18.864+01:00  INFO 24128 --- [demoApiGateway] [           main] o.s.c.g.r.RouteDefinitionRouteLocator    : Loaded RoutePredicateFactory [CloudFoundryRouteService]
2026-02-18T18:27:19.250+01:00  INFO 24128 --- [demoApiGateway] [           main] DiscoveryClientOptionalArgsConfiguration : Eureka HTTP Client uses RestTemplate.
2026-02-18T18:27:19.293+01:00  WARN 24128 --- [demoApiGateway] [           main] iguration$LoadBalancerCaffeineWarnLogger : Spring Cloud LoadBalancer is currently working with the default cache. While this cache implementation is useful for development and tests, it's recommended to use Caffeine cache in production.You can switch to using Caffeine cache, by adding it and org.springframework.cache.caffeine.CaffeineCacheManager to the classpath.
2026-02-18T18:27:19.345+01:00  INFO 24128 --- [demoApiGateway] [           main] o.s.c.n.eureka.InstanceInfoFactory       : Setting initial instance status as: STARTING
2026-02-18T18:27:19.374+01:00  INFO 24128 --- [demoApiGateway] [           main] com.netflix.discovery.DiscoveryClient    : Initializing Eureka in region us-east-1
2026-02-18T18:27:19.376+01:00  INFO 24128 --- [demoApiGateway] [           main] com.netflix.discovery.DiscoveryClient    : Client configured to neither register nor query for data.
2026-02-18T18:27:19.381+01:00  INFO 24128 --- [demoApiGateway] [           main] com.netflix.discovery.DiscoveryClient    : Discovery Client initialized at timestamp 1771435639378 with initial instances count: 0
2026-02-18T18:27:19.389+01:00  INFO 24128 --- [demoApiGateway] [           main] o.s.c.n.e.s.EurekaServiceRegistry        : Registering application DEMOAPIGATEWAY with eureka with status UP
2026-02-18T18:27:19.465+01:00  INFO 24128 --- [demoApiGateway] [           main] c.e.d.DemoApiGatewayApplicationTests     : Started DemoApiGatewayApplicationTests in 3.563 seconds (process running for 5.219)
]]></system-out>
    <system-err><![CDATA[Mockito is currently self-attaching to enable the inline-mock-maker. This will no longer work in future releases of the JDK. Please add Mockito as an agent to your build what is described in Mockito's documentation: https://javadoc.io/doc/org.mockito/mockito-core/latest/org/mockito/Mockito.html#0.3
WARNING: A Java agent has been loaded dynamically (C:\Users\jasse\.m2\repository\net\bytebuddy\byte-buddy-agent\1.15.11\byte-buddy-agent-1.15.11.jar)
WARNING: If a serviceability tool is in use, please run with -XX:+EnableDynamicAgentLoading to hide this warning
WARNING: If a serviceability tool is not in use, please run with -Djdk.instrument.traceUsage for more information
WARNING: Dynamic loading of agents will be disallowed by default in a future release
]]></system-err>
  </testcase>
</testsuite>